CRITICAL - 2021-12-04 12:10:22 --> required│min_length  is not a valid rule.
#0 C:\xampp\htdocs\biblioteca\system\Validation\Validation.php(285): CodeIgniter\Validation\Exceptions\ValidationException::forRuleNotFound('required\xE2\x94\x82min_...')
#1 C:\xampp\htdocs\biblioteca\system\Validation\Validation.php(151): CodeIgniter\Validation\Validation->processRules('nombre', 'nombre', '', Array, Array)
#2 C:\xampp\htdocs\biblioteca\system\Controller.php(160): CodeIgniter\Validation\Validation->run()
#3 C:\xampp\htdocs\biblioteca\app\Controllers\Libros.php(26): CodeIgniter\Controller->validate(Array)
#4 C:\xampp\htdocs\biblioteca\system\CodeIgniter.php(824): App\Controllers\Libros->guardar()
#5 C:\xampp\htdocs\biblioteca\system\CodeIgniter.php(410): CodeIgniter\CodeIgniter->runController(Object(App\Controllers\Libros))
#6 C:\xampp\htdocs\biblioteca\system\CodeIgniter.php(318): CodeIgniter\CodeIgniter->handleRequest(NULL, Object(Config\Cache), false)
#7 C:\xampp\htdocs\biblioteca\public\index.php(37): CodeIgniter\CodeIgniter->run()
#8 {main}
CRITICAL - 2021-12-04 12:15:44 --> required│min_length  is not a valid rule.
#0 C:\xampp\htdocs\biblioteca\system\Validation\Validation.php(285): CodeIgniter\Validation\Exceptions\ValidationException::forRuleNotFound('required\xE2\x94\x82min_...')
#1 C:\xampp\htdocs\biblioteca\system\Validation\Validation.php(151): CodeIgniter\Validation\Validation->processRules('nombre', 'nombre', '', Array, Array)
#2 C:\xampp\htdocs\biblioteca\system\Controller.php(160): CodeIgniter\Validation\Validation->run()
#3 C:\xampp\htdocs\biblioteca\app\Controllers\Libros.php(26): CodeIgniter\Controller->validate(Array)
#4 C:\xampp\htdocs\biblioteca\system\CodeIgniter.php(824): App\Controllers\Libros->guardar()
#5 C:\xampp\htdocs\biblioteca\system\CodeIgniter.php(410): CodeIgniter\CodeIgniter->runController(Object(App\Controllers\Libros))
#6 C:\xampp\htdocs\biblioteca\system\CodeIgniter.php(318): CodeIgniter\CodeIgniter->handleRequest(NULL, Object(Config\Cache), false)
#7 C:\xampp\htdocs\biblioteca\public\index.php(37): CodeIgniter\CodeIgniter->run()
#8 {main}
CRITICAL - 2021-12-04 12:19:03 --> required│min_length  is not a valid rule.
#0 C:\xampp\htdocs\biblioteca\system\Validation\Validation.php(285): CodeIgniter\Validation\Exceptions\ValidationException::forRuleNotFound('required\xE2\x94\x82min_...')
#1 C:\xampp\htdocs\biblioteca\system\Validation\Validation.php(151): CodeIgniter\Validation\Validation->processRules('nombre', 'nombre', 'aprende php', Array, Array)
#2 C:\xampp\htdocs\biblioteca\system\Controller.php(160): CodeIgniter\Validation\Validation->run()
#3 C:\xampp\htdocs\biblioteca\app\Controllers\Libros.php(26): CodeIgniter\Controller->validate(Array)
#4 C:\xampp\htdocs\biblioteca\system\CodeIgniter.php(824): App\Controllers\Libros->guardar()
#5 C:\xampp\htdocs\biblioteca\system\CodeIgniter.php(410): CodeIgniter\CodeIgniter->runController(Object(App\Controllers\Libros))
#6 C:\xampp\htdocs\biblioteca\system\CodeIgniter.php(318): CodeIgniter\CodeIgniter->handleRequest(NULL, Object(Config\Cache), false)
#7 C:\xampp\htdocs\biblioteca\public\index.php(37): CodeIgniter\CodeIgniter->run()
#8 {main}
CRITICAL - 2021-12-04 12:19:39 --> required│min_length  is not a valid rule.
#0 C:\xampp\htdocs\biblioteca\system\Validation\Validation.php(285): CodeIgniter\Validation\Exceptions\ValidationException::forRuleNotFound('required\xE2\x94\x82min_...')
#1 C:\xampp\htdocs\biblioteca\system\Validation\Validation.php(151): CodeIgniter\Validation\Validation->processRules('nombre', 'nombre', 'php', Array, Array)
#2 C:\xampp\htdocs\biblioteca\system\Controller.php(160): CodeIgniter\Validation\Validation->run()
#3 C:\xampp\htdocs\biblioteca\app\Controllers\Libros.php(26): CodeIgniter\Controller->validate(Array)
#4 C:\xampp\htdocs\biblioteca\system\CodeIgniter.php(824): App\Controllers\Libros->guardar()
#5 C:\xampp\htdocs\biblioteca\system\CodeIgniter.php(410): CodeIgniter\CodeIgniter->runController(Object(App\Controllers\Libros))
#6 C:\xampp\htdocs\biblioteca\system\CodeIgniter.php(318): CodeIgniter\CodeIgniter->handleRequest(NULL, Object(Config\Cache), false)
#7 C:\xampp\htdocs\biblioteca\public\index.php(37): CodeIgniter\CodeIgniter->run()
#8 {main}
CRITICAL - 2021-12-04 12:20:19 --> required│min_length  is not a valid rule.
#0 C:\xampp\htdocs\biblioteca\system\Validation\Validation.php(285): CodeIgniter\Validation\Exceptions\ValidationException::forRuleNotFound('required\xE2\x94\x82min_...')
#1 C:\xampp\htdocs\biblioteca\system\Validation\Validation.php(151): CodeIgniter\Validation\Validation->processRules('nombre', 'nombre', 'php', Array, Array)
#2 C:\xampp\htdocs\biblioteca\system\Controller.php(160): CodeIgniter\Validation\Validation->run()
#3 C:\xampp\htdocs\biblioteca\app\Controllers\Libros.php(26): CodeIgniter\Controller->validate(Array)
#4 C:\xampp\htdocs\biblioteca\system\CodeIgniter.php(824): App\Controllers\Libros->guardar()
#5 C:\xampp\htdocs\biblioteca\system\CodeIgniter.php(410): CodeIgniter\CodeIgniter->runController(Object(App\Controllers\Libros))
#6 C:\xampp\htdocs\biblioteca\system\CodeIgniter.php(318): CodeIgniter\CodeIgniter->handleRequest(NULL, Object(Config\Cache), false)
#7 C:\xampp\htdocs\biblioteca\public\index.php(37): CodeIgniter\CodeIgniter->run()
#8 {main}
CRITICAL - 2021-12-04 12:20:30 --> required min_length  is not a valid rule.
#0 C:\xampp\htdocs\biblioteca\system\Validation\Validation.php(285): CodeIgniter\Validation\Exceptions\ValidationException::forRuleNotFound('required min_le...')
#1 C:\xampp\htdocs\biblioteca\system\Validation\Validation.php(151): CodeIgniter\Validation\Validation->processRules('nombre', 'nombre', 'php', Array, Array)
#2 C:\xampp\htdocs\biblioteca\system\Controller.php(160): CodeIgniter\Validation\Validation->run()
#3 C:\xampp\htdocs\biblioteca\app\Controllers\Libros.php(26): CodeIgniter\Controller->validate(Array)
#4 C:\xampp\htdocs\biblioteca\system\CodeIgniter.php(824): App\Controllers\Libros->guardar()
#5 C:\xampp\htdocs\biblioteca\system\CodeIgniter.php(410): CodeIgniter\CodeIgniter->runController(Object(App\Controllers\Libros))
#6 C:\xampp\htdocs\biblioteca\system\CodeIgniter.php(318): CodeIgniter\CodeIgniter->handleRequest(NULL, Object(Config\Cache), false)
#7 C:\xampp\htdocs\biblioteca\public\index.php(37): CodeIgniter\CodeIgniter->run()
#8 {main}
CRITICAL - 2021-12-04 12:21:01 --> required min_length  is not a valid rule.
#0 C:\xampp\htdocs\biblioteca\system\Validation\Validation.php(285): CodeIgniter\Validation\Exceptions\ValidationException::forRuleNotFound('required min_le...')
#1 C:\xampp\htdocs\biblioteca\system\Validation\Validation.php(151): CodeIgniter\Validation\Validation->processRules('nombre', 'nombre', 'phpffjf', Array, Array)
#2 C:\xampp\htdocs\biblioteca\system\Controller.php(160): CodeIgniter\Validation\Validation->run()
#3 C:\xampp\htdocs\biblioteca\app\Controllers\Libros.php(26): CodeIgniter\Controller->validate(Array)
#4 C:\xampp\htdocs\biblioteca\system\CodeIgniter.php(824): App\Controllers\Libros->guardar()
#5 C:\xampp\htdocs\biblioteca\system\CodeIgniter.php(410): CodeIgniter\CodeIgniter->runController(Object(App\Controllers\Libros))
#6 C:\xampp\htdocs\biblioteca\system\CodeIgniter.php(318): CodeIgniter\CodeIgniter->handleRequest(NULL, Object(Config\Cache), false)
#7 C:\xampp\htdocs\biblioteca\public\index.php(37): CodeIgniter\CodeIgniter->run()
#8 {main}
