ERROR - 2021-11-25 14:06:38 --> Error connecting to the database: Unknown database 'biblioteeca'
CRITICAL - 2021-11-25 14:06:38 --> Unable to connect to the database.
Main connection [MySQLi]: Unknown database 'biblioteeca'
#0 C:\xampp\htdocs\biblioteca\system\Database\BaseConnection.php(577): CodeIgniter\Database\BaseConnection->initialize()
#1 C:\xampp\htdocs\biblioteca\system\Database\BaseBuilder.php(1443): CodeIgniter\Database\BaseConnection->query('SELECT *\nFROM `...', Array, false)
#2 C:\xampp\htdocs\biblioteca\system\Model.php(183): CodeIgniter\Database\BaseBuilder->get()
#3 C:\xampp\htdocs\biblioteca\system\BaseModel.php(584): CodeIgniter\Model->doFindAll(0, 0)
#4 C:\xampp\htdocs\biblioteca\app\Controllers\Libros.php(10): CodeIgniter\BaseModel->findAll()
#5 C:\xampp\htdocs\biblioteca\system\CodeIgniter.php(824): App\Controllers\Libros->index()
#6 C:\xampp\htdocs\biblioteca\system\CodeIgniter.php(410): CodeIgniter\CodeIgniter->runController(Object(App\Controllers\Libros))
#7 C:\xampp\htdocs\biblioteca\system\CodeIgniter.php(318): CodeIgniter\CodeIgniter->handleRequest(NULL, Object(Config\Cache), false)
#8 C:\xampp\htdocs\biblioteca\public\index.php(37): CodeIgniter\CodeIgniter->run()
#9 {main}
ERROR - 2021-11-25 14:11:08 --> Error connecting to the database: Unknown database 'biblioteeca'
CRITICAL - 2021-11-25 14:11:08 --> Unable to connect to the database.
Main connection [MySQLi]: Unknown database 'biblioteeca'
#0 C:\xampp\htdocs\biblioteca\system\Database\BaseConnection.php(577): CodeIgniter\Database\BaseConnection->initialize()
#1 C:\xampp\htdocs\biblioteca\system\Database\BaseBuilder.php(1443): CodeIgniter\Database\BaseConnection->query('SELECT *\nFROM `...', Array, false)
#2 C:\xampp\htdocs\biblioteca\system\Model.php(183): CodeIgniter\Database\BaseBuilder->get()
#3 C:\xampp\htdocs\biblioteca\system\BaseModel.php(584): CodeIgniter\Model->doFindAll(0, 0)
#4 C:\xampp\htdocs\biblioteca\app\Controllers\Libros.php(10): CodeIgniter\BaseModel->findAll()
#5 C:\xampp\htdocs\biblioteca\system\CodeIgniter.php(824): App\Controllers\Libros->index()
#6 C:\xampp\htdocs\biblioteca\system\CodeIgniter.php(410): CodeIgniter\CodeIgniter->runController(Object(App\Controllers\Libros))
#7 C:\xampp\htdocs\biblioteca\system\CodeIgniter.php(318): CodeIgniter\CodeIgniter->handleRequest(NULL, Object(Config\Cache), false)
#8 C:\xampp\htdocs\biblioteca\public\index.php(37): CodeIgniter\CodeIgniter->run()
#9 {main}
ERROR - 2021-11-25 14:11:09 --> Error connecting to the database: Unknown database 'biblioteeca'
CRITICAL - 2021-11-25 14:11:09 --> Unable to connect to the database.
Main connection [MySQLi]: Unknown database 'biblioteeca'
#0 C:\xampp\htdocs\biblioteca\system\Database\BaseConnection.php(577): CodeIgniter\Database\BaseConnection->initialize()
#1 C:\xampp\htdocs\biblioteca\system\Database\BaseBuilder.php(1443): CodeIgniter\Database\BaseConnection->query('SELECT *\nFROM `...', Array, false)
#2 C:\xampp\htdocs\biblioteca\system\Model.php(183): CodeIgniter\Database\BaseBuilder->get()
#3 C:\xampp\htdocs\biblioteca\system\BaseModel.php(584): CodeIgniter\Model->doFindAll(0, 0)
#4 C:\xampp\htdocs\biblioteca\app\Controllers\Libros.php(10): CodeIgniter\BaseModel->findAll()
#5 C:\xampp\htdocs\biblioteca\system\CodeIgniter.php(824): App\Controllers\Libros->index()
#6 C:\xampp\htdocs\biblioteca\system\CodeIgniter.php(410): CodeIgniter\CodeIgniter->runController(Object(App\Controllers\Libros))
#7 C:\xampp\htdocs\biblioteca\system\CodeIgniter.php(318): CodeIgniter\CodeIgniter->handleRequest(NULL, Object(Config\Cache), false)
#8 C:\xampp\htdocs\biblioteca\public\index.php(37): CodeIgniter\CodeIgniter->run()
#9 {main}
ERROR - 2021-11-25 14:11:16 --> Error connecting to the database: Unknown database 'biblioteeca'
CRITICAL - 2021-11-25 14:11:16 --> Unable to connect to the database.
Main connection [MySQLi]: Unknown database 'biblioteeca'
#0 C:\xampp\htdocs\biblioteca\system\Database\BaseConnection.php(577): CodeIgniter\Database\BaseConnection->initialize()
#1 C:\xampp\htdocs\biblioteca\system\Database\BaseBuilder.php(1443): CodeIgniter\Database\BaseConnection->query('SELECT *\nFROM `...', Array, false)
#2 C:\xampp\htdocs\biblioteca\system\Model.php(183): CodeIgniter\Database\BaseBuilder->get()
#3 C:\xampp\htdocs\biblioteca\system\BaseModel.php(584): CodeIgniter\Model->doFindAll(0, 0)
#4 C:\xampp\htdocs\biblioteca\app\Controllers\Libros.php(10): CodeIgniter\BaseModel->findAll()
#5 C:\xampp\htdocs\biblioteca\system\CodeIgniter.php(824): App\Controllers\Libros->index()
#6 C:\xampp\htdocs\biblioteca\system\CodeIgniter.php(410): CodeIgniter\CodeIgniter->runController(Object(App\Controllers\Libros))
#7 C:\xampp\htdocs\biblioteca\system\CodeIgniter.php(318): CodeIgniter\CodeIgniter->handleRequest(NULL, Object(Config\Cache), false)
#8 C:\xampp\htdocs\biblioteca\public\index.php(37): CodeIgniter\CodeIgniter->run()
#9 {main}
ERROR - 2021-11-25 14:11:16 --> Error connecting to the database: Unknown database 'biblioteeca'
CRITICAL - 2021-11-25 14:11:16 --> Unable to connect to the database.
Main connection [MySQLi]: Unknown database 'biblioteeca'
#0 C:\xampp\htdocs\biblioteca\system\Database\BaseConnection.php(577): CodeIgniter\Database\BaseConnection->initialize()
#1 C:\xampp\htdocs\biblioteca\system\Database\BaseBuilder.php(1443): CodeIgniter\Database\BaseConnection->query('SELECT *\nFROM `...', Array, false)
#2 C:\xampp\htdocs\biblioteca\system\Model.php(183): CodeIgniter\Database\BaseBuilder->get()
#3 C:\xampp\htdocs\biblioteca\system\BaseModel.php(584): CodeIgniter\Model->doFindAll(0, 0)
#4 C:\xampp\htdocs\biblioteca\app\Controllers\Libros.php(10): CodeIgniter\BaseModel->findAll()
#5 C:\xampp\htdocs\biblioteca\system\CodeIgniter.php(824): App\Controllers\Libros->index()
#6 C:\xampp\htdocs\biblioteca\system\CodeIgniter.php(410): CodeIgniter\CodeIgniter->runController(Object(App\Controllers\Libros))
#7 C:\xampp\htdocs\biblioteca\system\CodeIgniter.php(318): CodeIgniter\CodeIgniter->handleRequest(NULL, Object(Config\Cache), false)
#8 C:\xampp\htdocs\biblioteca\public\index.php(37): CodeIgniter\CodeIgniter->run()
#9 {main}
ERROR - 2021-11-25 14:11:17 --> Error connecting to the database: Unknown database 'biblioteeca'
CRITICAL - 2021-11-25 14:11:17 --> Unable to connect to the database.
Main connection [MySQLi]: Unknown database 'biblioteeca'
#0 C:\xampp\htdocs\biblioteca\system\Database\BaseConnection.php(577): CodeIgniter\Database\BaseConnection->initialize()
#1 C:\xampp\htdocs\biblioteca\system\Database\BaseBuilder.php(1443): CodeIgniter\Database\BaseConnection->query('SELECT *\nFROM `...', Array, false)
#2 C:\xampp\htdocs\biblioteca\system\Model.php(183): CodeIgniter\Database\BaseBuilder->get()
#3 C:\xampp\htdocs\biblioteca\system\BaseModel.php(584): CodeIgniter\Model->doFindAll(0, 0)
#4 C:\xampp\htdocs\biblioteca\app\Controllers\Libros.php(10): CodeIgniter\BaseModel->findAll()
#5 C:\xampp\htdocs\biblioteca\system\CodeIgniter.php(824): App\Controllers\Libros->index()
#6 C:\xampp\htdocs\biblioteca\system\CodeIgniter.php(410): CodeIgniter\CodeIgniter->runController(Object(App\Controllers\Libros))
#7 C:\xampp\htdocs\biblioteca\system\CodeIgniter.php(318): CodeIgniter\CodeIgniter->handleRequest(NULL, Object(Config\Cache), false)
#8 C:\xampp\htdocs\biblioteca\public\index.php(37): CodeIgniter\CodeIgniter->run()
#9 {main}
ERROR - 2021-11-25 14:11:17 --> Error connecting to the database: Unknown database 'biblioteeca'
CRITICAL - 2021-11-25 14:11:18 --> Unable to connect to the database.
Main connection [MySQLi]: Unknown database 'biblioteeca'
#0 C:\xampp\htdocs\biblioteca\system\Database\BaseConnection.php(577): CodeIgniter\Database\BaseConnection->initialize()
#1 C:\xampp\htdocs\biblioteca\system\Database\BaseBuilder.php(1443): CodeIgniter\Database\BaseConnection->query('SELECT *\nFROM `...', Array, false)
#2 C:\xampp\htdocs\biblioteca\system\Model.php(183): CodeIgniter\Database\BaseBuilder->get()
#3 C:\xampp\htdocs\biblioteca\system\BaseModel.php(584): CodeIgniter\Model->doFindAll(0, 0)
#4 C:\xampp\htdocs\biblioteca\app\Controllers\Libros.php(10): CodeIgniter\BaseModel->findAll()
#5 C:\xampp\htdocs\biblioteca\system\CodeIgniter.php(824): App\Controllers\Libros->index()
#6 C:\xampp\htdocs\biblioteca\system\CodeIgniter.php(410): CodeIgniter\CodeIgniter->runController(Object(App\Controllers\Libros))
#7 C:\xampp\htdocs\biblioteca\system\CodeIgniter.php(318): CodeIgniter\CodeIgniter->handleRequest(NULL, Object(Config\Cache), false)
#8 C:\xampp\htdocs\biblioteca\public\index.php(37): CodeIgniter\CodeIgniter->run()
#9 {main}
CRITICAL - 2021-11-25 15:00:12 --> Undefined variable $piepagina
#0 C:\xampp\htdocs\biblioteca\app\Views\libros\lista.php(22): CodeIgniter\Debug\Exceptions->errorHandler(2, 'Undefined varia...', 'C:\\xampp\\htdocs...', 22)
#1 C:\xampp\htdocs\biblioteca\system\View\View.php(214): include('C:\\xampp\\htdocs...')
#2 C:\xampp\htdocs\biblioteca\system\View\View.php(217): CodeIgniter\View\View->CodeIgniter\View\{closure}()
#3 C:\xampp\htdocs\biblioteca\system\Common.php(1097): CodeIgniter\View\View->render('libros/lista', Array, true)
#4 C:\xampp\htdocs\biblioteca\app\Controllers\Libros.php(14): view('libros/lista', Array)
#5 C:\xampp\htdocs\biblioteca\system\CodeIgniter.php(824): App\Controllers\Libros->index()
#6 C:\xampp\htdocs\biblioteca\system\CodeIgniter.php(410): CodeIgniter\CodeIgniter->runController(Object(App\Controllers\Libros))
#7 C:\xampp\htdocs\biblioteca\system\CodeIgniter.php(318): CodeIgniter\CodeIgniter->handleRequest(NULL, Object(Config\Cache), false)
#8 C:\xampp\htdocs\biblioteca\public\index.php(37): CodeIgniter\CodeIgniter->run()
#9 {main}
CRITICAL - 2021-11-25 15:00:38 --> Undefined variable $pie
#0 C:\xampp\htdocs\biblioteca\app\Views\libros\lista.php(22): CodeIgniter\Debug\Exceptions->errorHandler(2, 'Undefined varia...', 'C:\\xampp\\htdocs...', 22)
#1 C:\xampp\htdocs\biblioteca\system\View\View.php(214): include('C:\\xampp\\htdocs...')
#2 C:\xampp\htdocs\biblioteca\system\View\View.php(217): CodeIgniter\View\View->CodeIgniter\View\{closure}()
#3 C:\xampp\htdocs\biblioteca\system\Common.php(1097): CodeIgniter\View\View->render('libros/lista', Array, true)
#4 C:\xampp\htdocs\biblioteca\app\Controllers\Libros.php(14): view('libros/lista', Array)
#5 C:\xampp\htdocs\biblioteca\system\CodeIgniter.php(824): App\Controllers\Libros->index()
#6 C:\xampp\htdocs\biblioteca\system\CodeIgniter.php(410): CodeIgniter\CodeIgniter->runController(Object(App\Controllers\Libros))
#7 C:\xampp\htdocs\biblioteca\system\CodeIgniter.php(318): CodeIgniter\CodeIgniter->handleRequest(NULL, Object(Config\Cache), false)
#8 C:\xampp\htdocs\biblioteca\public\index.php(37): CodeIgniter\CodeIgniter->run()
#9 {main}
