CRITICAL - 2021-11-29 14:48:02 --> Undefined constant "App\Controllers\writepath"
#0 C:\xampp\htdocs\biblioteca\system\CodeIgniter.php(824): App\Controllers\Libros->guardar()
#1 C:\xampp\htdocs\biblioteca\system\CodeIgniter.php(410): CodeIgniter\CodeIgniter->runController(Object(App\Controllers\Libros))
#2 C:\xampp\htdocs\biblioteca\system\CodeIgniter.php(318): CodeIgniter\CodeIgniter->handleRequest(NULL, Object(Config\Cache), false)
#3 C:\xampp\htdocs\biblioteca\public\index.php(37): CodeIgniter\CodeIgniter->run()
#4 {main}
CRITICAL - 2021-11-29 14:48:11 --> Undefined variable $cabecera
#0 C:\xampp\htdocs\biblioteca\app\Views\libros\crear.php(1): CodeIgniter\Debug\Exceptions->errorHandler(2, 'Undefined varia...', 'C:\\xampp\\htdocs...', 1)
#1 C:\xampp\htdocs\biblioteca\system\View\View.php(214): include('C:\\xampp\\htdocs...')
#2 C:\xampp\htdocs\biblioteca\system\View\View.php(217): CodeIgniter\View\View->CodeIgniter\View\{closure}()
#3 C:\xampp\htdocs\biblioteca\system\Common.php(1097): CodeIgniter\View\View->render('libros/crear', Array, true)
#4 C:\xampp\htdocs\biblioteca\app\Controllers\Home.php(9): view('libros/crear')
#5 C:\xampp\htdocs\biblioteca\system\CodeIgniter.php(824): App\Controllers\Home->index()
#6 C:\xampp\htdocs\biblioteca\system\CodeIgniter.php(410): CodeIgniter\CodeIgniter->runController(Object(App\Controllers\Home))
#7 C:\xampp\htdocs\biblioteca\system\CodeIgniter.php(318): CodeIgniter\CodeIgniter->handleRequest(NULL, Object(Config\Cache), false)
#8 C:\xampp\htdocs\biblioteca\public\index.php(37): CodeIgniter\CodeIgniter->run()
#9 {main}
CRITICAL - 2021-11-29 14:48:43 --> Undefined constant "App\Controllers\writepath"
#0 C:\xampp\htdocs\biblioteca\system\CodeIgniter.php(824): App\Controllers\Libros->guardar()
#1 C:\xampp\htdocs\biblioteca\system\CodeIgniter.php(410): CodeIgniter\CodeIgniter->runController(Object(App\Controllers\Libros))
#2 C:\xampp\htdocs\biblioteca\system\CodeIgniter.php(318): CodeIgniter\CodeIgniter->handleRequest(NULL, Object(Config\Cache), false)
#3 C:\xampp\htdocs\biblioteca\public\index.php(37): CodeIgniter\CodeIgniter->run()
#4 {main}
CRITICAL - 2021-11-29 14:49:44 --> Allowed fields must be specified for model: App\Models\Libro
#0 C:\xampp\htdocs\biblioteca\system\BaseModel.php(1138): CodeIgniter\Database\Exceptions\DataException::forInvalidAllowedFields('App\\Models\\Libr...')
#1 C:\xampp\htdocs\biblioteca\system\BaseModel.php(713): CodeIgniter\BaseModel->doProtectFields(Array)
#2 C:\xampp\htdocs\biblioteca\system\Model.php(620): CodeIgniter\BaseModel->insert(Array, true)
#3 C:\xampp\htdocs\biblioteca\app\Controllers\Libros.php(34): CodeIgniter\Model->insert(Array)
#4 C:\xampp\htdocs\biblioteca\system\CodeIgniter.php(824): App\Controllers\Libros->guardar()
#5 C:\xampp\htdocs\biblioteca\system\CodeIgniter.php(410): CodeIgniter\CodeIgniter->runController(Object(App\Controllers\Libros))
#6 C:\xampp\htdocs\biblioteca\system\CodeIgniter.php(318): CodeIgniter\CodeIgniter->handleRequest(NULL, Object(Config\Cache), false)
#7 C:\xampp\htdocs\biblioteca\public\index.php(37): CodeIgniter\CodeIgniter->run()
#8 {main}
CRITICAL - 2021-11-29 15:09:36 --> Allowed fields must be specified for model: App\Models\Libro
#0 C:\xampp\htdocs\biblioteca\system\BaseModel.php(1138): CodeIgniter\Database\Exceptions\DataException::forInvalidAllowedFields('App\\Models\\Libr...')
#1 C:\xampp\htdocs\biblioteca\system\BaseModel.php(713): CodeIgniter\BaseModel->doProtectFields(Array)
#2 C:\xampp\htdocs\biblioteca\system\Model.php(620): CodeIgniter\BaseModel->insert(Array, true)
#3 C:\xampp\htdocs\biblioteca\app\Controllers\Libros.php(34): CodeIgniter\Model->insert(Array)
#4 C:\xampp\htdocs\biblioteca\system\CodeIgniter.php(824): App\Controllers\Libros->guardar()
#5 C:\xampp\htdocs\biblioteca\system\CodeIgniter.php(410): CodeIgniter\CodeIgniter->runController(Object(App\Controllers\Libros))
#6 C:\xampp\htdocs\biblioteca\system\CodeIgniter.php(318): CodeIgniter\CodeIgniter->handleRequest(NULL, Object(Config\Cache), false)
#7 C:\xampp\htdocs\biblioteca\public\index.php(37): CodeIgniter\CodeIgniter->run()
#8 {main}
CRITICAL - 2021-11-29 15:10:08 --> Allowed fields must be specified for model: App\Models\Libro
#0 C:\xampp\htdocs\biblioteca\system\BaseModel.php(1138): CodeIgniter\Database\Exceptions\DataException::forInvalidAllowedFields('App\\Models\\Libr...')
#1 C:\xampp\htdocs\biblioteca\system\BaseModel.php(713): CodeIgniter\BaseModel->doProtectFields(Array)
#2 C:\xampp\htdocs\biblioteca\system\Model.php(620): CodeIgniter\BaseModel->insert(Array, true)
#3 C:\xampp\htdocs\biblioteca\app\Controllers\Libros.php(34): CodeIgniter\Model->insert(Array)
#4 C:\xampp\htdocs\biblioteca\system\CodeIgniter.php(824): App\Controllers\Libros->guardar()
#5 C:\xampp\htdocs\biblioteca\system\CodeIgniter.php(410): CodeIgniter\CodeIgniter->runController(Object(App\Controllers\Libros))
#6 C:\xampp\htdocs\biblioteca\system\CodeIgniter.php(318): CodeIgniter\CodeIgniter->handleRequest(NULL, Object(Config\Cache), false)
#7 C:\xampp\htdocs\biblioteca\public\index.php(37): CodeIgniter\CodeIgniter->run()
#8 {main}
CRITICAL - 2021-11-29 15:10:11 --> Allowed fields must be specified for model: App\Models\Libro
#0 C:\xampp\htdocs\biblioteca\system\BaseModel.php(1138): CodeIgniter\Database\Exceptions\DataException::forInvalidAllowedFields('App\\Models\\Libr...')
#1 C:\xampp\htdocs\biblioteca\system\BaseModel.php(713): CodeIgniter\BaseModel->doProtectFields(Array)
#2 C:\xampp\htdocs\biblioteca\system\Model.php(620): CodeIgniter\BaseModel->insert(Array, true)
#3 C:\xampp\htdocs\biblioteca\app\Controllers\Libros.php(34): CodeIgniter\Model->insert(Array)
#4 C:\xampp\htdocs\biblioteca\system\CodeIgniter.php(824): App\Controllers\Libros->guardar()
#5 C:\xampp\htdocs\biblioteca\system\CodeIgniter.php(410): CodeIgniter\CodeIgniter->runController(Object(App\Controllers\Libros))
#6 C:\xampp\htdocs\biblioteca\system\CodeIgniter.php(318): CodeIgniter\CodeIgniter->handleRequest(NULL, Object(Config\Cache), false)
#7 C:\xampp\htdocs\biblioteca\public\index.php(37): CodeIgniter\CodeIgniter->run()
#8 {main}
CRITICAL - 2021-11-29 15:10:20 --> Allowed fields must be specified for model: App\Models\Libro
#0 C:\xampp\htdocs\biblioteca\system\BaseModel.php(1138): CodeIgniter\Database\Exceptions\DataException::forInvalidAllowedFields('App\\Models\\Libr...')
#1 C:\xampp\htdocs\biblioteca\system\BaseModel.php(713): CodeIgniter\BaseModel->doProtectFields(Array)
#2 C:\xampp\htdocs\biblioteca\system\Model.php(620): CodeIgniter\BaseModel->insert(Array, true)
#3 C:\xampp\htdocs\biblioteca\app\Controllers\Libros.php(34): CodeIgniter\Model->insert(Array)
#4 C:\xampp\htdocs\biblioteca\system\CodeIgniter.php(824): App\Controllers\Libros->guardar()
#5 C:\xampp\htdocs\biblioteca\system\CodeIgniter.php(410): CodeIgniter\CodeIgniter->runController(Object(App\Controllers\Libros))
#6 C:\xampp\htdocs\biblioteca\system\CodeIgniter.php(318): CodeIgniter\CodeIgniter->handleRequest(NULL, Object(Config\Cache), false)
#7 C:\xampp\htdocs\biblioteca\public\index.php(37): CodeIgniter\CodeIgniter->run()
#8 {main}
CRITICAL - 2021-11-29 15:10:24 --> Allowed fields must be specified for model: App\Models\Libro
#0 C:\xampp\htdocs\biblioteca\system\BaseModel.php(1138): CodeIgniter\Database\Exceptions\DataException::forInvalidAllowedFields('App\\Models\\Libr...')
#1 C:\xampp\htdocs\biblioteca\system\BaseModel.php(713): CodeIgniter\BaseModel->doProtectFields(Array)
#2 C:\xampp\htdocs\biblioteca\system\Model.php(620): CodeIgniter\BaseModel->insert(Array, true)
#3 C:\xampp\htdocs\biblioteca\app\Controllers\Libros.php(34): CodeIgniter\Model->insert(Array)
#4 C:\xampp\htdocs\biblioteca\system\CodeIgniter.php(824): App\Controllers\Libros->guardar()
#5 C:\xampp\htdocs\biblioteca\system\CodeIgniter.php(410): CodeIgniter\CodeIgniter->runController(Object(App\Controllers\Libros))
#6 C:\xampp\htdocs\biblioteca\system\CodeIgniter.php(318): CodeIgniter\CodeIgniter->handleRequest(NULL, Object(Config\Cache), false)
#7 C:\xampp\htdocs\biblioteca\public\index.php(37): CodeIgniter\CodeIgniter->run()
#8 {main}
CRITICAL - 2021-11-29 15:30:39 --> Allowed fields must be specified for model: App\Models\Libro
#0 C:\xampp\htdocs\biblioteca\system\BaseModel.php(1138): CodeIgniter\Database\Exceptions\DataException::forInvalidAllowedFields('App\\Models\\Libr...')
#1 C:\xampp\htdocs\biblioteca\system\BaseModel.php(713): CodeIgniter\BaseModel->doProtectFields(Array)
#2 C:\xampp\htdocs\biblioteca\system\Model.php(620): CodeIgniter\BaseModel->insert(Array, true)
#3 C:\xampp\htdocs\biblioteca\app\Controllers\Libros.php(34): CodeIgniter\Model->insert(Array)
#4 C:\xampp\htdocs\biblioteca\system\CodeIgniter.php(824): App\Controllers\Libros->guardar()
#5 C:\xampp\htdocs\biblioteca\system\CodeIgniter.php(410): CodeIgniter\CodeIgniter->runController(Object(App\Controllers\Libros))
#6 C:\xampp\htdocs\biblioteca\system\CodeIgniter.php(318): CodeIgniter\CodeIgniter->handleRequest(NULL, Object(Config\Cache), false)
#7 C:\xampp\htdocs\biblioteca\public\index.php(37): CodeIgniter\CodeIgniter->run()
#8 {main}
CRITICAL - 2021-11-29 15:36:16 --> Undefined variable $libro
#0 C:\xampp\htdocs\biblioteca\app\Views\libros\crear.php(7): CodeIgniter\Debug\Exceptions->errorHandler(2, 'Undefined varia...', 'C:\\xampp\\htdocs...', 7)
#1 C:\xampp\htdocs\biblioteca\system\View\View.php(214): include('C:\\xampp\\htdocs...')
#2 C:\xampp\htdocs\biblioteca\system\View\View.php(217): CodeIgniter\View\View->CodeIgniter\View\{closure}()
#3 C:\xampp\htdocs\biblioteca\system\Common.php(1097): CodeIgniter\View\View->render('libros/crear', Array, true)
#4 C:\xampp\htdocs\biblioteca\app\Controllers\Libros.php(19): view('libros/crear', Array)
#5 C:\xampp\htdocs\biblioteca\system\CodeIgniter.php(824): App\Controllers\Libros->crear()
#6 C:\xampp\htdocs\biblioteca\system\CodeIgniter.php(410): CodeIgniter\CodeIgniter->runController(Object(App\Controllers\Libros))
#7 C:\xampp\htdocs\biblioteca\system\CodeIgniter.php(318): CodeIgniter\CodeIgniter->handleRequest(NULL, Object(Config\Cache), false)
#8 C:\xampp\htdocs\biblioteca\public\index.php(37): CodeIgniter\CodeIgniter->run()
#9 {main}
CRITICAL - 2021-11-29 15:41:33 --> Undefined variable $libro
#0 C:\xampp\htdocs\biblioteca\app\Views\libros\crear.php(7): CodeIgniter\Debug\Exceptions->errorHandler(2, 'Undefined varia...', 'C:\\xampp\\htdocs...', 7)
#1 C:\xampp\htdocs\biblioteca\system\View\View.php(214): include('C:\\xampp\\htdocs...')
#2 C:\xampp\htdocs\biblioteca\system\View\View.php(217): CodeIgniter\View\View->CodeIgniter\View\{closure}()
#3 C:\xampp\htdocs\biblioteca\system\Common.php(1097): CodeIgniter\View\View->render('libros/crear', Array, true)
#4 C:\xampp\htdocs\biblioteca\app\Controllers\Libros.php(19): view('libros/crear', Array)
#5 C:\xampp\htdocs\biblioteca\system\CodeIgniter.php(824): App\Controllers\Libros->crear()
#6 C:\xampp\htdocs\biblioteca\system\CodeIgniter.php(410): CodeIgniter\CodeIgniter->runController(Object(App\Controllers\Libros))
#7 C:\xampp\htdocs\biblioteca\system\CodeIgniter.php(318): CodeIgniter\CodeIgniter->handleRequest(NULL, Object(Config\Cache), false)
#8 C:\xampp\htdocs\biblioteca\public\index.php(37): CodeIgniter\CodeIgniter->run()
#9 {main}
CRITICAL - 2021-11-29 15:41:45 --> Undefined variable $libro
#0 C:\xampp\htdocs\biblioteca\app\Views\libros\crear.php(7): CodeIgniter\Debug\Exceptions->errorHandler(2, 'Undefined varia...', 'C:\\xampp\\htdocs...', 7)
#1 C:\xampp\htdocs\biblioteca\system\View\View.php(214): include('C:\\xampp\\htdocs...')
#2 C:\xampp\htdocs\biblioteca\system\View\View.php(217): CodeIgniter\View\View->CodeIgniter\View\{closure}()
#3 C:\xampp\htdocs\biblioteca\system\Common.php(1097): CodeIgniter\View\View->render('libros/crear', Array, true)
#4 C:\xampp\htdocs\biblioteca\app\Controllers\Libros.php(19): view('libros/crear', Array)
#5 C:\xampp\htdocs\biblioteca\system\CodeIgniter.php(824): App\Controllers\Libros->crear()
#6 C:\xampp\htdocs\biblioteca\system\CodeIgniter.php(410): CodeIgniter\CodeIgniter->runController(Object(App\Controllers\Libros))
#7 C:\xampp\htdocs\biblioteca\system\CodeIgniter.php(318): CodeIgniter\CodeIgniter->handleRequest(NULL, Object(Config\Cache), false)
#8 C:\xampp\htdocs\biblioteca\public\index.php(37): CodeIgniter\CodeIgniter->run()
#9 {main}
CRITICAL - 2021-11-29 15:41:49 --> Undefined variable $guardar
#0 C:\xampp\htdocs\biblioteca\app\Views\libros\crear.php(7): CodeIgniter\Debug\Exceptions->errorHandler(2, 'Undefined varia...', 'C:\\xampp\\htdocs...', 7)
#1 C:\xampp\htdocs\biblioteca\system\View\View.php(214): include('C:\\xampp\\htdocs...')
#2 C:\xampp\htdocs\biblioteca\system\View\View.php(217): CodeIgniter\View\View->CodeIgniter\View\{closure}()
#3 C:\xampp\htdocs\biblioteca\system\Common.php(1097): CodeIgniter\View\View->render('libros/crear', Array, true)
#4 C:\xampp\htdocs\biblioteca\app\Controllers\Libros.php(19): view('libros/crear', Array)
#5 C:\xampp\htdocs\biblioteca\system\CodeIgniter.php(824): App\Controllers\Libros->crear()
#6 C:\xampp\htdocs\biblioteca\system\CodeIgniter.php(410): CodeIgniter\CodeIgniter->runController(Object(App\Controllers\Libros))
#7 C:\xampp\htdocs\biblioteca\system\CodeIgniter.php(318): CodeIgniter\CodeIgniter->handleRequest(NULL, Object(Config\Cache), false)
#8 C:\xampp\htdocs\biblioteca\public\index.php(37): CodeIgniter\CodeIgniter->run()
#9 {main}
CRITICAL - 2021-11-29 15:42:25 --> Undefined variable $libros
#0 C:\xampp\htdocs\biblioteca\app\Views\libros\crear.php(7): CodeIgniter\Debug\Exceptions->errorHandler(2, 'Undefined varia...', 'C:\\xampp\\htdocs...', 7)
#1 C:\xampp\htdocs\biblioteca\system\View\View.php(214): include('C:\\xampp\\htdocs...')
#2 C:\xampp\htdocs\biblioteca\system\View\View.php(217): CodeIgniter\View\View->CodeIgniter\View\{closure}()
#3 C:\xampp\htdocs\biblioteca\system\Common.php(1097): CodeIgniter\View\View->render('libros/crear', Array, true)
#4 C:\xampp\htdocs\biblioteca\app\Controllers\Libros.php(19): view('libros/crear', Array)
#5 C:\xampp\htdocs\biblioteca\system\CodeIgniter.php(824): App\Controllers\Libros->crear()
#6 C:\xampp\htdocs\biblioteca\system\CodeIgniter.php(410): CodeIgniter\CodeIgniter->runController(Object(App\Controllers\Libros))
#7 C:\xampp\htdocs\biblioteca\system\CodeIgniter.php(318): CodeIgniter\CodeIgniter->handleRequest(NULL, Object(Config\Cache), false)
#8 C:\xampp\htdocs\biblioteca\public\index.php(37): CodeIgniter\CodeIgniter->run()
#9 {main}
CRITICAL - 2021-11-29 16:11:32 --> The original file is not a valid file.
#0 C:\xampp\htdocs\biblioteca\system\HTTP\Files\UploadedFile.php(137): CodeIgniter\HTTP\Exceptions\HTTPException::forInvalidFile()
#1 C:\xampp\htdocs\biblioteca\app\Controllers\Libros.php(28): CodeIgniter\HTTP\Files\UploadedFile->move('../public/uploa...', '1638223892_c8a0...')
#2 C:\xampp\htdocs\biblioteca\system\CodeIgniter.php(824): App\Controllers\Libros->guardar()
#3 C:\xampp\htdocs\biblioteca\system\CodeIgniter.php(410): CodeIgniter\CodeIgniter->runController(Object(App\Controllers\Libros))
#4 C:\xampp\htdocs\biblioteca\system\CodeIgniter.php(318): CodeIgniter\CodeIgniter->handleRequest(NULL, Object(Config\Cache), false)
#5 C:\xampp\htdocs\biblioteca\public\index.php(37): CodeIgniter\CodeIgniter->run()
#6 {main}
CRITICAL - 2021-11-29 16:12:36 --> The original file is not a valid file.
#0 C:\xampp\htdocs\biblioteca\system\HTTP\Files\UploadedFile.php(137): CodeIgniter\HTTP\Exceptions\HTTPException::forInvalidFile()
#1 C:\xampp\htdocs\biblioteca\app\Controllers\Libros.php(28): CodeIgniter\HTTP\Files\UploadedFile->move('../public/uploa...', '1638223956_c41c...')
#2 C:\xampp\htdocs\biblioteca\system\CodeIgniter.php(824): App\Controllers\Libros->guardar()
#3 C:\xampp\htdocs\biblioteca\system\CodeIgniter.php(410): CodeIgniter\CodeIgniter->runController(Object(App\Controllers\Libros))
#4 C:\xampp\htdocs\biblioteca\system\CodeIgniter.php(318): CodeIgniter\CodeIgniter->handleRequest(NULL, Object(Config\Cache), false)
#5 C:\xampp\htdocs\biblioteca\public\index.php(37): CodeIgniter\CodeIgniter->run()
#6 {main}
CRITICAL - 2021-11-29 16:13:08 --> The original file is not a valid file.
#0 C:\xampp\htdocs\biblioteca\system\HTTP\Files\UploadedFile.php(137): CodeIgniter\HTTP\Exceptions\HTTPException::forInvalidFile()
#1 C:\xampp\htdocs\biblioteca\app\Controllers\Libros.php(28): CodeIgniter\HTTP\Files\UploadedFile->move('./public/upload...', '1638223988_d736...')
#2 C:\xampp\htdocs\biblioteca\system\CodeIgniter.php(824): App\Controllers\Libros->guardar()
#3 C:\xampp\htdocs\biblioteca\system\CodeIgniter.php(410): CodeIgniter\CodeIgniter->runController(Object(App\Controllers\Libros))
#4 C:\xampp\htdocs\biblioteca\system\CodeIgniter.php(318): CodeIgniter\CodeIgniter->handleRequest(NULL, Object(Config\Cache), false)
#5 C:\xampp\htdocs\biblioteca\public\index.php(37): CodeIgniter\CodeIgniter->run()
#6 {main}
CRITICAL - 2021-11-29 16:24:30 --> Undefined constant "App\Controllers\nombre"
#0 C:\xampp\htdocs\biblioteca\system\CodeIgniter.php(824): App\Controllers\Libros->guardar()
#1 C:\xampp\htdocs\biblioteca\system\CodeIgniter.php(410): CodeIgniter\CodeIgniter->runController(Object(App\Controllers\Libros))
#2 C:\xampp\htdocs\biblioteca\system\CodeIgniter.php(318): CodeIgniter\CodeIgniter->handleRequest(NULL, Object(Config\Cache), false)
#3 C:\xampp\htdocs\biblioteca\public\index.php(37): CodeIgniter\CodeIgniter->run()
#4 {main}
CRITICAL - 2021-11-29 16:24:48 --> Undefined constant "App\Controllers\nombre"
#0 C:\xampp\htdocs\biblioteca\system\CodeIgniter.php(824): App\Controllers\Libros->guardar()
#1 C:\xampp\htdocs\biblioteca\system\CodeIgniter.php(410): CodeIgniter\CodeIgniter->runController(Object(App\Controllers\Libros))
#2 C:\xampp\htdocs\biblioteca\system\CodeIgniter.php(318): CodeIgniter\CodeIgniter->handleRequest(NULL, Object(Config\Cache), false)
#3 C:\xampp\htdocs\biblioteca\public\index.php(37): CodeIgniter\CodeIgniter->run()
#4 {main}
CRITICAL - 2021-11-29 16:24:53 --> Undefined constant "App\Controllers\nombre"
#0 C:\xampp\htdocs\biblioteca\system\CodeIgniter.php(824): App\Controllers\Libros->guardar()
#1 C:\xampp\htdocs\biblioteca\system\CodeIgniter.php(410): CodeIgniter\CodeIgniter->runController(Object(App\Controllers\Libros))
#2 C:\xampp\htdocs\biblioteca\system\CodeIgniter.php(318): CodeIgniter\CodeIgniter->handleRequest(NULL, Object(Config\Cache), false)
#3 C:\xampp\htdocs\biblioteca\public\index.php(37): CodeIgniter\CodeIgniter->run()
#4 {main}
CRITICAL - 2021-11-29 16:25:22 --> Undefined constant "App\Controllers\nombre"
#0 C:\xampp\htdocs\biblioteca\system\CodeIgniter.php(824): App\Controllers\Libros->guardar()
#1 C:\xampp\htdocs\biblioteca\system\CodeIgniter.php(410): CodeIgniter\CodeIgniter->runController(Object(App\Controllers\Libros))
#2 C:\xampp\htdocs\biblioteca\system\CodeIgniter.php(318): CodeIgniter\CodeIgniter->handleRequest(NULL, Object(Config\Cache), false)
#3 C:\xampp\htdocs\biblioteca\public\index.php(37): CodeIgniter\CodeIgniter->run()
#4 {main}
CRITICAL - 2021-11-29 16:25:26 --> Undefined constant "App\Controllers\nombre"
#0 C:\xampp\htdocs\biblioteca\system\CodeIgniter.php(824): App\Controllers\Libros->guardar()
#1 C:\xampp\htdocs\biblioteca\system\CodeIgniter.php(410): CodeIgniter\CodeIgniter->runController(Object(App\Controllers\Libros))
#2 C:\xampp\htdocs\biblioteca\system\CodeIgniter.php(318): CodeIgniter\CodeIgniter->handleRequest(NULL, Object(Config\Cache), false)
#3 C:\xampp\htdocs\biblioteca\public\index.php(37): CodeIgniter\CodeIgniter->run()
#4 {main}
CRITICAL - 2021-11-29 16:35:31 --> Undefined variable $imagen
#0 C:\xampp\htdocs\biblioteca\app\Controllers\Libros.php(27): CodeIgniter\Debug\Exceptions->errorHandler(2, 'Undefined varia...', 'C:\\xampp\\htdocs...', 27)
#1 C:\xampp\htdocs\biblioteca\system\CodeIgniter.php(824): App\Controllers\Libros->guardar()
#2 C:\xampp\htdocs\biblioteca\system\CodeIgniter.php(410): CodeIgniter\CodeIgniter->runController(Object(App\Controllers\Libros))
#3 C:\xampp\htdocs\biblioteca\system\CodeIgniter.php(318): CodeIgniter\CodeIgniter->handleRequest(NULL, Object(Config\Cache), false)
#4 C:\xampp\htdocs\biblioteca\public\index.php(37): CodeIgniter\CodeIgniter->run()
#5 {main}
CRITICAL - 2021-11-29 16:36:28 --> Undefined variable $imagen
#0 C:\xampp\htdocs\biblioteca\app\Controllers\Libros.php(27): CodeIgniter\Debug\Exceptions->errorHandler(2, 'Undefined varia...', 'C:\\xampp\\htdocs...', 27)
#1 C:\xampp\htdocs\biblioteca\system\CodeIgniter.php(824): App\Controllers\Libros->guardar()
#2 C:\xampp\htdocs\biblioteca\system\CodeIgniter.php(410): CodeIgniter\CodeIgniter->runController(Object(App\Controllers\Libros))
#3 C:\xampp\htdocs\biblioteca\system\CodeIgniter.php(318): CodeIgniter\CodeIgniter->handleRequest(NULL, Object(Config\Cache), false)
#4 C:\xampp\htdocs\biblioteca\public\index.php(37): CodeIgniter\CodeIgniter->run()
#5 {main}
CRITICAL - 2021-11-29 16:38:18 --> syntax error, unexpected variable "$nuevoNombre"
#0 C:\xampp\htdocs\biblioteca\system\Autoloader\Autoloader.php(241): CodeIgniter\Autoloader\Autoloader->includeFile('C:\\xampp\\htdocs...')
#1 C:\xampp\htdocs\biblioteca\system\Autoloader\Autoloader.php(219): CodeIgniter\Autoloader\Autoloader->loadInNamespace('App\\Controllers...')
#2 [internal function]: CodeIgniter\Autoloader\Autoloader->loadClass('App\\Controllers...')
#3 C:\xampp\htdocs\biblioteca\system\CodeIgniter.php(789): class_exists('\\App\\Controller...', true)
#4 C:\xampp\htdocs\biblioteca\system\CodeIgniter.php(397): CodeIgniter\CodeIgniter->startController()
#5 C:\xampp\htdocs\biblioteca\system\CodeIgniter.php(318): CodeIgniter\CodeIgniter->handleRequest(NULL, Object(Config\Cache), false)
#6 C:\xampp\htdocs\biblioteca\public\index.php(37): CodeIgniter\CodeIgniter->run()
#7 {main}
CRITICAL - 2021-11-29 16:38:55 --> Undefined variable $imagen
#0 C:\xampp\htdocs\biblioteca\app\Controllers\Libros.php(27): CodeIgniter\Debug\Exceptions->errorHandler(2, 'Undefined varia...', 'C:\\xampp\\htdocs...', 27)
#1 C:\xampp\htdocs\biblioteca\system\CodeIgniter.php(824): App\Controllers\Libros->guardar()
#2 C:\xampp\htdocs\biblioteca\system\CodeIgniter.php(410): CodeIgniter\CodeIgniter->runController(Object(App\Controllers\Libros))
#3 C:\xampp\htdocs\biblioteca\system\CodeIgniter.php(318): CodeIgniter\CodeIgniter->handleRequest(NULL, Object(Config\Cache), false)
#4 C:\xampp\htdocs\biblioteca\public\index.php(37): CodeIgniter\CodeIgniter->run()
#5 {main}
CRITICAL - 2021-11-29 16:39:25 --> Undefined variable $imagen
#0 C:\xampp\htdocs\biblioteca\app\Controllers\Libros.php(27): CodeIgniter\Debug\Exceptions->errorHandler(2, 'Undefined varia...', 'C:\\xampp\\htdocs...', 27)
#1 C:\xampp\htdocs\biblioteca\system\CodeIgniter.php(824): App\Controllers\Libros->guardar()
#2 C:\xampp\htdocs\biblioteca\system\CodeIgniter.php(410): CodeIgniter\CodeIgniter->runController(Object(App\Controllers\Libros))
#3 C:\xampp\htdocs\biblioteca\system\CodeIgniter.php(318): CodeIgniter\CodeIgniter->handleRequest(NULL, Object(Config\Cache), false)
#4 C:\xampp\htdocs\biblioteca\public\index.php(37): CodeIgniter\CodeIgniter->run()
#5 {main}
CRITICAL - 2021-11-29 16:42:00 --> Undefined variable $nuevoNombre
#0 C:\xampp\htdocs\biblioteca\app\Controllers\Libros.php(27): CodeIgniter\Debug\Exceptions->errorHandler(2, 'Undefined varia...', 'C:\\xampp\\htdocs...', 27)
#1 C:\xampp\htdocs\biblioteca\system\CodeIgniter.php(824): App\Controllers\Libros->guardar()
#2 C:\xampp\htdocs\biblioteca\system\CodeIgniter.php(410): CodeIgniter\CodeIgniter->runController(Object(App\Controllers\Libros))
#3 C:\xampp\htdocs\biblioteca\system\CodeIgniter.php(318): CodeIgniter\CodeIgniter->handleRequest(NULL, Object(Config\Cache), false)
#4 C:\xampp\htdocs\biblioteca\public\index.php(37): CodeIgniter\CodeIgniter->run()
#5 {main}
CRITICAL - 2021-11-29 16:50:21 --> The original file is not a valid file.
#0 C:\xampp\htdocs\biblioteca\system\HTTP\Files\UploadedFile.php(137): CodeIgniter\HTTP\Exceptions\HTTPException::forInvalidFile()
#1 C:\xampp\htdocs\biblioteca\app\Controllers\Libros.php(29): CodeIgniter\HTTP\Files\UploadedFile->move('../public/uploa...', '1638226221_b52e...')
#2 C:\xampp\htdocs\biblioteca\system\CodeIgniter.php(824): App\Controllers\Libros->guardar()
#3 C:\xampp\htdocs\biblioteca\system\CodeIgniter.php(410): CodeIgniter\CodeIgniter->runController(Object(App\Controllers\Libros))
#4 C:\xampp\htdocs\biblioteca\system\CodeIgniter.php(318): CodeIgniter\CodeIgniter->handleRequest(NULL, Object(Config\Cache), false)
#5 C:\xampp\htdocs\biblioteca\public\index.php(37): CodeIgniter\CodeIgniter->run()
#6 {main}
CRITICAL - 2021-11-29 20:52:59 --> unlink(../public/uploads/imagen node.jpg): No such file or directory
#0 [internal function]: CodeIgniter\Debug\Exceptions->errorHandler(2, 'unlink(../publi...', 'C:\\xampp\\htdocs...', 49)
#1 C:\xampp\htdocs\biblioteca\app\Controllers\Libros.php(49): unlink('../public/uploa...')
#2 C:\xampp\htdocs\biblioteca\system\CodeIgniter.php(824): App\Controllers\Libros->borrar('2')
#3 C:\xampp\htdocs\biblioteca\system\CodeIgniter.php(410): CodeIgniter\CodeIgniter->runController(Object(App\Controllers\Libros))
#4 C:\xampp\htdocs\biblioteca\system\CodeIgniter.php(318): CodeIgniter\CodeIgniter->handleRequest(NULL, Object(Config\Cache), false)
#5 C:\xampp\htdocs\biblioteca\public\index.php(37): CodeIgniter\CodeIgniter->run()
#6 {main}
